<?xml version="1.0" encoding="UTF-8"?>
<!-- Generated by org.testng.reporters.JUnitReportReporter -->
<testsuite hostname="DUC-F0DiRxNI7C3" failures="0" tests="1" name="com.pos.testcases.DeleteCustomer" time="22.083" errors="0" timestamp="2023-09-30T10:07:50 CEST" skipped="0">
  <testcase classname="com.pos.testcases.DeleteCustomer" name="runLogin" time="22.083"/>
  <system-out/>
</testsuite> <!-- com.pos.testcases.DeleteCustomer -->
