<?xml version="1.0" encoding="UTF-8"?>
<!-- Generated by org.testng.reporters.JUnitReportReporter -->
<testsuite hostname="DUC-F0DiRxNI7C3" failures="0" tests="1" name="com.pos.testcases.EditCustomer" time="0.000" errors="0" timestamp="2023-10-02T11:17:34 IST" skipped="1">
  <testcase classname="com.pos.testcases.EditCustomer" name="runLogin" time="0.000">
    <skipped/>
  </testcase> <!-- runLogin -->
  <system-out/>
</testsuite> <!-- com.pos.testcases.EditCustomer -->
