<?xml version="1.0" encoding="UTF-8"?>
<!-- Generated by org.testng.reporters.JUnitReportReporter -->
<testsuite hostname="DUC-F0DiRxNI7C3" failures="0" tests="1" name="com.pos.testcases.DeleteVendor" time="106.326" errors="0" timestamp="2023-09-30T07:14:22 CEST" skipped="0">
  <testcase classname="com.pos.testcases.DeleteVendor" name="runLogin" time="106.326"/>
  <system-out/>
</testsuite> <!-- com.pos.testcases.DeleteVendor -->
