<?xml version="1.0" encoding="UTF-8"?>
<!-- Generated by org.testng.reporters.JUnitReportReporter -->
<testsuite hostname="DUC-F0DiRxNI7C3" failures="0" tests="2" name="com.pos.testcases.CreateNewVendor" time="127.629" errors="0" timestamp="2023-09-30T07:14:22 CEST" skipped="0">
  <testcase classname="com.pos.testcases.CreateNewVendor" name="runLogin" time="24.189"/>
  <system-out/>
  <testcase classname="com.pos.testcases.CreateNewVendor" name="runLogin" time="103.440"/>
  <system-out/>
</testsuite> <!-- com.pos.testcases.CreateNewVendor -->
