<?xml version="1.0" encoding="UTF-8"?>
<!-- Generated by org.testng.reporters.JUnitReportReporter -->
<testsuite hostname="DUC-F0DiRxNI7C3" failures="0" tests="1" name="com.pos.testcases.EditVendor" time="15.398" errors="0" timestamp="2023-09-30T10:04:56 CEST" skipped="0">
  <testcase classname="com.pos.testcases.EditVendor" name="runLogin" time="15.398"/>
  <system-out/>
</testsuite> <!-- com.pos.testcases.EditVendor -->
