<?xml version="1.0" encoding="UTF-8"?>
<!-- Generated by org.testng.reporters.JUnitReportReporter -->
<testsuite skipped="0" hostname="QA1072" name="com.pos.testcases.DeleteProduct" tests="1" failures="0" timestamp="2023-09-29T16:19:20 IST" time="86.664" errors="0">
  <testcase name="runLogin" time="86.664" classname="com.pos.testcases.DeleteProduct"/>
  <system-out/>
</testsuite> <!-- com.pos.testcases.DeleteProduct -->
