<?xml version="1.0" encoding="UTF-8"?>
<!-- Generated by org.testng.reporters.JUnitReportReporter -->
<testsuite skipped="0" hostname="QA1072" name="com.pos.testcases.CreateNewCutomer" tests="1" failures="0" timestamp="2023-09-29T16:19:20 IST" time="17.805" errors="0">
  <testcase name="runLogin" time="17.805" classname="com.pos.testcases.CreateNewCutomer"/>
  <system-out/>
</testsuite> <!-- com.pos.testcases.CreateNewCutomer -->
