<?xml version="1.0" encoding="UTF-8"?>
<!-- Generated by org.testng.reporters.JUnitReportReporter -->
<testsuite hostname="DUC-F0DiRxNI7C3" failures="0" tests="1" name="com.pos.testcases.EditCustomer" time="12.619" errors="0" timestamp="2023-09-30T10:03:37 CEST" skipped="0">
  <testcase classname="com.pos.testcases.EditCustomer" name="runLogin" time="12.619"/>
  <system-out/>
</testsuite> <!-- com.pos.testcases.EditCustomer -->
