<?xml version="1.0" encoding="UTF-8"?>
<!-- Generated by org.testng.reporters.JUnitReportReporter -->
<testsuite hostname="DUC-F0DiRxNI7C3" failures="0" tests="1" name="com.pos.testcases.DeleteVendor" time="97.081" errors="0" timestamp="2023-09-30T09:54:20 CEST" skipped="0">
  <testcase classname="com.pos.testcases.DeleteVendor" name="runLogin" time="97.081"/>
  <system-out/>
</testsuite> <!-- com.pos.testcases.DeleteVendor -->
